<?xml version="1.0" encoding="UTF-8"?>
<coverage generated="1528602300361" clover="3.2.0">
  <project timestamp="1528602300362" name="All files">
    <metrics statements="48" coveredstatements="47" conditionals="8" coveredconditionals="8" methods="16" coveredmethods="15" elements="72" coveredelements="70" complexity="0" loc="48" ncloc="48" packages="4" files="7" classes="7">
      <package name="src">
        <metrics statements="1" coveredstatements="1" conditionals="0" coveredconditionals="0" methods="0" coveredmethods="0"/>
        <file name="setupTests.js" path="/Users/Princhaa/ReactNativeProjects/devhub/src/setupTests.js">
          <metrics statements="1" coveredstatements="1" conditionals="0" coveredconditionals="0" methods="0" coveredmethods="0"/>
          <line num="4" count="5" type="stmt"/>
        </file>
      </package>
      <package name="src.components">
        <metrics statements="10" coveredstatements="9" conditionals="0" coveredconditionals="0" methods="4" coveredmethods="3"/>
        <file name="CustomButton.js" path="/Users/Princhaa/ReactNativeProjects/devhub/src/components/CustomButton.js">
          <metrics statements="3" coveredstatements="3" conditionals="0" coveredconditionals="0" methods="1" coveredmethods="1"/>
          <line num="8" count="3" type="stmt"/>
          <line num="9" count="1" type="stmt"/>
          <line num="19" count="3" type="stmt"/>
        </file>
        <file name="CustomTextInput.js" path="/Users/Princhaa/ReactNativeProjects/devhub/src/components/CustomTextInput.js">
          <metrics statements="7" coveredstatements="6" conditionals="0" coveredconditionals="0" methods="3" coveredmethods="2"/>
          <line num="9" count="2" type="stmt"/>
          <line num="10" count="2" type="stmt"/>
          <line num="11" count="2" type="stmt"/>
          <line num="15" count="0" type="stmt"/>
          <line num="19" count="2" type="stmt"/>
          <line num="20" count="2" type="stmt"/>
          <line num="34" count="3" type="stmt"/>
        </file>
      </package>
      <package name="src.config">
        <metrics statements="2" coveredstatements="2" conditionals="0" coveredconditionals="0" methods="0" coveredmethods="0"/>
        <file name="constants.js" path="/Users/Princhaa/ReactNativeProjects/devhub/src/config/constants.js">
          <metrics statements="2" coveredstatements="2" conditionals="0" coveredconditionals="0" methods="0" coveredmethods="0"/>
          <line num="3" count="4" type="stmt"/>
          <line num="5" count="4" type="stmt"/>
        </file>
      </package>
      <package name="src.screens">
        <metrics statements="35" coveredstatements="35" conditionals="8" coveredconditionals="8" methods="12" coveredmethods="12"/>
        <file name="Intro.js" path="/Users/Princhaa/ReactNativeProjects/devhub/src/screens/Intro.js">
          <metrics statements="2" coveredstatements="2" conditionals="0" coveredconditionals="0" methods="1" coveredmethods="1"/>
          <line num="4" count="1" type="stmt"/>
          <line num="25" count="1" type="stmt"/>
        </file>
        <file name="Login.js" path="/Users/Princhaa/ReactNativeProjects/devhub/src/screens/Login.js">
          <metrics statements="17" coveredstatements="17" conditionals="4" coveredconditionals="4" methods="6" coveredmethods="6"/>
          <line num="17" count="5" type="stmt"/>
          <line num="18" count="5" type="stmt"/>
          <line num="23" count="5" type="stmt"/>
          <line num="24" count="5" type="stmt"/>
          <line num="26" count="5" type="stmt"/>
          <line num="27" count="5" type="stmt"/>
          <line num="28" count="5" type="stmt"/>
          <line num="29" count="5" type="stmt"/>
          <line num="33" count="2" type="stmt"/>
          <line num="37" count="2" type="cond" truecount="2" falsecount="0"/>
          <line num="38" count="1" type="stmt"/>
          <line num="39" count="1" type="stmt"/>
          <line num="41" count="1" type="stmt"/>
          <line num="45" count="2" type="stmt"/>
          <line num="49" count="1" type="stmt"/>
          <line num="53" count="9" type="stmt"/>
          <line num="88" count="1" type="stmt"/>
        </file>
        <file name="Register.js" path="/Users/Princhaa/ReactNativeProjects/devhub/src/screens/Register.js">
          <metrics statements="16" coveredstatements="16" conditionals="4" coveredconditionals="4" methods="5" coveredmethods="5"/>
          <line num="14" count="4" type="stmt"/>
          <line num="15" count="4" type="stmt"/>
          <line num="22" count="4" type="stmt"/>
          <line num="23" count="4" type="stmt"/>
          <line num="24" count="4" type="stmt"/>
          <line num="26" count="4" type="stmt"/>
          <line num="27" count="4" type="stmt"/>
          <line num="28" count="4" type="stmt"/>
          <line num="32" count="1" type="stmt"/>
          <line num="36" count="2" type="cond" truecount="2" falsecount="0"/>
          <line num="37" count="1" type="stmt"/>
          <line num="38" count="1" type="stmt"/>
          <line num="40" count="1" type="stmt"/>
          <line num="44" count="2" type="stmt"/>
          <line num="48" count="7" type="stmt"/>
          <line num="88" count="1" type="stmt"/>
        </file>
      </package>
    </metrics>
  </project>
</coverage>
