{"/Users/Princhaa/ReactNativeProjects/devhub/src/setupTests.js": {"path":"/Users/Princhaa/ReactNativeProjects/devhub/src/setupTests.js","statementMap":{"0":{"start":{"line":4,"column":0},"end":{"line":4,"column":37}}},"fnMap":{},"branchMap":{},"s":{"0":5},"f":{},"b":{},"_coverageSchema":"332fd63041d2c1bcb487cc26dd0d5f7d97098a6c","hash":"0eb31fdb606c47be8b51dd4fee0c2f1d94b87552"}
,"/Users/Princhaa/ReactNativeProjects/devhub/src/components/CustomButton.js": {"path":"/Users/Princhaa/ReactNativeProjects/devhub/src/components/CustomButton.js","statementMap":{"0":{"start":{"line":8,"column":21},"end":{"line":15,"column":1}},"1":{"start":{"line":9,"column":2},"end":{"line":14,"column":21}},"2":{"start":{"line":19,"column":15},"end":{"line":28,"column":2}}},"fnMap":{"0":{"name":"(anonymous_0)","decl":{"start":{"line":8,"column":21},"end":{"line":8,"column":22}},"loc":{"start":{"line":9,"column":2},"end":{"line":14,"column":21}},"line":9}},"branchMap":{},"s":{"0":3,"1":1,"2":3},"f":{"0":1},"b":{},"_coverageSchema":"332fd63041d2c1bcb487cc26dd0d5f7d97098a6c","hash":"f6e17cb3dfe57f31836906ddc73e024ed03f081f"}
,"/Users/Princhaa/ReactNativeProjects/devhub/src/components/CustomTextInput.js": {"path":"/Users/Princhaa/ReactNativeProjects/devhub/src/components/CustomTextInput.js","statementMap":{"0":{"start":{"line":9,"column":4},"end":{"line":9,"column":16}},"1":{"start":{"line":10,"column":4},"end":{"line":10,"column":41}},"2":{"start":{"line":11,"column":4},"end":{"line":11,"column":38}},"3":{"start":{"line":15,"column":4},"end":{"line":15,"column":37}},"4":{"start":{"line":19,"column":40},"end":{"line":19,"column":50}},"5":{"start":{"line":20,"column":4},"end":{"line":30,"column":5}},"6":{"start":{"line":34,"column":15},"end":{"line":50,"column":2}}},"fnMap":{"0":{"name":"(anonymous_0)","decl":{"start":{"line":8,"column":2},"end":{"line":8,"column":3}},"loc":{"start":{"line":8,"column":21},"end":{"line":12,"column":3}},"line":8},"1":{"name":"(anonymous_1)","decl":{"start":{"line":14,"column":2},"end":{"line":14,"column":3}},"loc":{"start":{"line":14,"column":10},"end":{"line":16,"column":3}},"line":14},"2":{"name":"(anonymous_2)","decl":{"start":{"line":18,"column":2},"end":{"line":18,"column":3}},"loc":{"start":{"line":18,"column":11},"end":{"line":31,"column":3}},"line":18}},"branchMap":{},"s":{"0":2,"1":2,"2":2,"3":0,"4":2,"5":2,"6":3},"f":{"0":2,"1":0,"2":2},"b":{},"_coverageSchema":"332fd63041d2c1bcb487cc26dd0d5f7d97098a6c","hash":"9df12cdf47df9a87682c72417438af77e1f7c7bd"}
,"/Users/Princhaa/ReactNativeProjects/devhub/src/config/constants.js": {"path":"/Users/Princhaa/ReactNativeProjects/devhub/src/config/constants.js","statementMap":{"0":{"start":{"line":3,"column":26},"end":{"line":3,"column":50}},"1":{"start":{"line":5,"column":15},"end":{"line":22,"column":2}}},"fnMap":{},"branchMap":{},"s":{"0":4,"1":4},"f":{},"b":{},"_coverageSchema":"332fd63041d2c1bcb487cc26dd0d5f7d97098a6c","hash":"ebe68b7669e9469029e810dffca788fd9afe53be"}
,"/Users/Princhaa/ReactNativeProjects/devhub/src/screens/Intro.js": {"path":"/Users/Princhaa/ReactNativeProjects/devhub/src/screens/Intro.js","statementMap":{"0":{"start":{"line":4,"column":15},"end":{"line":21,"column":2}},"1":{"start":{"line":25,"column":4},"end":{"line":32,"column":5}}},"fnMap":{"0":{"name":"(anonymous_0)","decl":{"start":{"line":24,"column":2},"end":{"line":24,"column":3}},"loc":{"start":{"line":24,"column":11},"end":{"line":33,"column":3}},"line":24}},"branchMap":{},"s":{"0":1,"1":1},"f":{"0":1},"b":{},"_coverageSchema":"332fd63041d2c1bcb487cc26dd0d5f7d97098a6c","hash":"360eb82de9054dfdbf93a352979f1e6f9df8527c"}
,"/Users/Princhaa/ReactNativeProjects/devhub/src/screens/Login.js": {"path":"/Users/Princhaa/ReactNativeProjects/devhub/src/screens/Login.js","statementMap":{"0":{"start":{"line":17,"column":4},"end":{"line":17,"column":16}},"1":{"start":{"line":18,"column":4},"end":{"line":22,"column":5}},"2":{"start":{"line":23,"column":4},"end":{"line":23,"column":40}},"3":{"start":{"line":24,"column":4},"end":{"line":24,"column":37}},"4":{"start":{"line":26,"column":4},"end":{"line":26,"column":72}},"5":{"start":{"line":27,"column":4},"end":{"line":27,"column":68}},"6":{"start":{"line":28,"column":4},"end":{"line":28,"column":62}},"7":{"start":{"line":29,"column":4},"end":{"line":29,"column":68}},"8":{"start":{"line":33,"column":4},"end":{"line":33,"column":37}},"9":{"start":{"line":37,"column":4},"end":{"line":40,"column":5}},"10":{"start":{"line":38,"column":6},"end":{"line":38,"column":30}},"11":{"start":{"line":39,"column":6},"end":{"line":39,"column":12}},"12":{"start":{"line":41,"column":4},"end":{"line":41,"column":27}},"13":{"start":{"line":45,"column":4},"end":{"line":45,"column":59}},"14":{"start":{"line":49,"column":4},"end":{"line":49,"column":46}},"15":{"start":{"line":53,"column":4},"end":{"line":84,"column":5}},"16":{"start":{"line":88,"column":15},"end":{"line":107,"column":2}}},"fnMap":{"0":{"name":"(anonymous_0)","decl":{"start":{"line":16,"column":2},"end":{"line":16,"column":3}},"loc":{"start":{"line":16,"column":21},"end":{"line":30,"column":3}},"line":16},"1":{"name":"(anonymous_1)","decl":{"start":{"line":32,"column":2},"end":{"line":32,"column":3}},"loc":{"start":{"line":32,"column":39},"end":{"line":34,"column":3}},"line":32},"2":{"name":"(anonymous_2)","decl":{"start":{"line":36,"column":2},"end":{"line":36,"column":3}},"loc":{"start":{"line":36,"column":32},"end":{"line":42,"column":3}},"line":36},"3":{"name":"(anonymous_3)","decl":{"start":{"line":44,"column":2},"end":{"line":44,"column":3}},"loc":{"start":{"line":44,"column":22},"end":{"line":46,"column":3}},"line":44},"4":{"name":"(anonymous_4)","decl":{"start":{"line":48,"column":2},"end":{"line":48,"column":3}},"loc":{"start":{"line":48,"column":25},"end":{"line":50,"column":3}},"line":48},"5":{"name":"(anonymous_5)","decl":{"start":{"line":52,"column":2},"end":{"line":52,"column":3}},"loc":{"start":{"line":52,"column":11},"end":{"line":85,"column":3}},"line":52}},"branchMap":{"0":{"loc":{"start":{"line":37,"column":4},"end":{"line":40,"column":5}},"type":"if","locations":[{"start":{"line":37,"column":4},"end":{"line":40,"column":5}},{"start":{"line":37,"column":4},"end":{"line":40,"column":5}}],"line":37},"1":{"loc":{"start":{"line":76,"column":11},"end":{"line":80,"column":11}},"type":"cond-expr","locations":[{"start":{"line":77,"column":12},"end":{"line":77,"column":48}},{"start":{"line":79,"column":12},"end":{"line":79,"column":57}}],"line":76}},"s":{"0":5,"1":5,"2":5,"3":5,"4":5,"5":5,"6":5,"7":5,"8":2,"9":2,"10":1,"11":1,"12":1,"13":2,"14":1,"15":9,"16":1},"f":{"0":5,"1":2,"2":2,"3":2,"4":1,"5":9},"b":{"0":[1,1],"1":[2,7]},"_coverageSchema":"332fd63041d2c1bcb487cc26dd0d5f7d97098a6c","hash":"b5ed0afd576b5f37f9dba2ceb483bca105ff47ad"}
,"/Users/Princhaa/ReactNativeProjects/devhub/src/screens/Register.js": {"path":"/Users/Princhaa/ReactNativeProjects/devhub/src/screens/Register.js","statementMap":{"0":{"start":{"line":14,"column":4},"end":{"line":14,"column":16}},"1":{"start":{"line":15,"column":4},"end":{"line":20,"column":5}},"2":{"start":{"line":22,"column":4},"end":{"line":22,"column":37}},"3":{"start":{"line":23,"column":4},"end":{"line":23,"column":40}},"4":{"start":{"line":24,"column":4},"end":{"line":24,"column":47}},"5":{"start":{"line":26,"column":4},"end":{"line":26,"column":72}},"6":{"start":{"line":27,"column":4},"end":{"line":27,"column":68}},"7":{"start":{"line":28,"column":4},"end":{"line":28,"column":68}},"8":{"start":{"line":32,"column":4},"end":{"line":32,"column":37}},"9":{"start":{"line":36,"column":4},"end":{"line":39,"column":5}},"10":{"start":{"line":37,"column":6},"end":{"line":37,"column":33}},"11":{"start":{"line":38,"column":6},"end":{"line":38,"column":12}},"12":{"start":{"line":40,"column":4},"end":{"line":40,"column":27}},"13":{"start":{"line":44,"column":4},"end":{"line":44,"column":63}},"14":{"start":{"line":48,"column":4},"end":{"line":84,"column":5}},"15":{"start":{"line":88,"column":15},"end":{"line":101,"column":2}}},"fnMap":{"0":{"name":"(anonymous_0)","decl":{"start":{"line":13,"column":2},"end":{"line":13,"column":3}},"loc":{"start":{"line":13,"column":21},"end":{"line":29,"column":3}},"line":13},"1":{"name":"(anonymous_1)","decl":{"start":{"line":31,"column":2},"end":{"line":31,"column":3}},"loc":{"start":{"line":31,"column":39},"end":{"line":33,"column":3}},"line":31},"2":{"name":"(anonymous_2)","decl":{"start":{"line":35,"column":2},"end":{"line":35,"column":3}},"loc":{"start":{"line":35,"column":32},"end":{"line":41,"column":3}},"line":35},"3":{"name":"(anonymous_3)","decl":{"start":{"line":43,"column":2},"end":{"line":43,"column":3}},"loc":{"start":{"line":43,"column":25},"end":{"line":45,"column":3}},"line":43},"4":{"name":"(anonymous_4)","decl":{"start":{"line":47,"column":2},"end":{"line":47,"column":3}},"loc":{"start":{"line":47,"column":11},"end":{"line":85,"column":3}},"line":47}},"branchMap":{"0":{"loc":{"start":{"line":36,"column":4},"end":{"line":39,"column":5}},"type":"if","locations":[{"start":{"line":36,"column":4},"end":{"line":39,"column":5}},{"start":{"line":36,"column":4},"end":{"line":39,"column":5}}],"line":36},"1":{"loc":{"start":{"line":77,"column":11},"end":{"line":81,"column":11}},"type":"cond-expr","locations":[{"start":{"line":78,"column":12},"end":{"line":78,"column":48}},{"start":{"line":80,"column":12},"end":{"line":80,"column":60}}],"line":77}},"s":{"0":4,"1":4,"2":4,"3":4,"4":4,"5":4,"6":4,"7":4,"8":1,"9":2,"10":1,"11":1,"12":1,"13":2,"14":7,"15":1},"f":{"0":4,"1":1,"2":2,"3":2,"4":7},"b":{"0":[1,1],"1":[2,5]},"_coverageSchema":"332fd63041d2c1bcb487cc26dd0d5f7d97098a6c","hash":"5148d2c4c2ed33d4e9b932c52d75010447b7027e"}
}
