TN:
SF:/Users/Princhaa/ReactNativeProjects/devhub/src/setupTests.js
FNF:0
FNH:0
DA:4,4
LF:1
LH:1
BRF:0
BRH:0
end_of_record
TN:
SF:/Users/Princhaa/ReactNativeProjects/devhub/src/components/CustomButton.js
FN:8,(anonymous_0)
FNF:1
FNH:1
FNDA:1,(anonymous_0)
DA:8,2
DA:9,1
DA:19,2
LF:3
LH:3
BRF:0
BRH:0
end_of_record
TN:
SF:/Users/Princhaa/ReactNativeProjects/devhub/src/components/CustomTextInput.js
FN:8,(anonymous_0)
FN:14,(anonymous_1)
FN:18,(anonymous_2)
FNF:3
FNH:2
FNDA:2,(anonymous_0)
FNDA:0,(anonymous_1)
FNDA:2,(anonymous_2)
DA:9,2
DA:10,2
DA:11,2
DA:15,0
DA:19,2
DA:20,2
DA:34,2
LF:7
LH:6
BRF:0
BRH:0
end_of_record
TN:
SF:/Users/Princhaa/ReactNativeProjects/devhub/src/config/constants.js
FNF:0
FNH:0
DA:3,3
DA:5,3
LF:2
LH:2
BRF:0
BRH:0
end_of_record
TN:
SF:/Users/Princhaa/ReactNativeProjects/devhub/src/screens/Intro.js
FN:24,(anonymous_0)
FNF:1
FNH:1
FNDA:1,(anonymous_0)
DA:4,1
DA:25,1
LF:2
LH:2
BRF:0
BRH:0
end_of_record
TN:
SF:/Users/Princhaa/ReactNativeProjects/devhub/src/screens/Login.js
FN:16,(anonymous_0)
FN:31,(anonymous_1)
FN:35,(anonymous_2)
FN:43,(anonymous_3)
FN:47,(anonymous_4)
FNF:5
FNH:5
FNDA:4,(anonymous_0)
FNDA:2,(anonymous_1)
FNDA:2,(anonymous_2)
FNDA:2,(anonymous_3)
FNDA:8,(anonymous_4)
DA:17,4
DA:18,4
DA:23,4
DA:24,4
DA:26,4
DA:27,4
DA:28,4
DA:32,2
DA:36,2
DA:37,1
DA:38,1
DA:40,1
DA:44,2
DA:48,8
DA:83,1
LF:15
LH:15
BRDA:36,0,0,1
BRDA:36,0,1,1
BRDA:71,1,0,2
BRDA:71,1,1,6
BRF:4
BRH:4
end_of_record
